<?xml version="1.0" encoding="UTF-8"?>
<testng-results ignored="0" total="6" passed="4" failed="2" skipped="0">
  <reporter-output>
  </reporter-output>
  <suite started-at="2024-07-18T00:23:52 IST" name="Suite" finished-at="2024-07-18T00:36:56 IST" duration-ms="784018">
    <groups>
    </groups>
    <test started-at="2024-07-18T00:23:52 IST" name="Android_Testing" finished-at="2024-07-18T00:36:56 IST" duration-ms="784018">
      <class name="sfa.mobile.LoginTC_English">
        <test-method is-config="true" signature="setup(sfa.configs.Platforms,java.lang.String,java.lang.String,java.lang.reflect.Method)[pri:0, instance:sfa.mobile.LoginTC_English@2053d869]" started-at="2024-07-18T00:23:53 IST" name="setup" finished-at="2024-07-18T00:24:38 IST" duration-ms="45309" status="PASS">
          <params>
            <param index="0">
              <value>
                <![CDATA[ANDROID]]>
              </value>
            </param>
            <param index="1">
              <value>
                <![CDATA[12.0]]>
              </value>
            </param>
            <param index="2">
              <value>
                <![CDATA[Samsung Galaxy S22 Ultra]]>
              </value>
            </param>
            <param index="3">
              <value>
                <![CDATA[public void sfa.mobile.LoginTC_English.loginEmailPwdTest() throws java.lang.Throwable]]>
              </value>
            </param>
          </params>
          <reporter-output>
          </reporter-output>
        </test-method> <!-- setup -->
        <test-method signature="loginEmailPwdTest()[pri:0, instance:sfa.mobile.LoginTC_English@2053d869]" started-at="2024-07-18T00:24:38 IST" name="loginEmailPwdTest" finished-at="2024-07-18T00:26:10 IST" duration-ms="92040" status="PASS">
          <reporter-output>
          </reporter-output>
        </test-method> <!-- loginEmailPwdTest -->
        <test-method is-config="true" signature="closeTest()[pri:0, instance:sfa.mobile.LoginTC_English@2053d869]" started-at="2024-07-18T00:26:12 IST" name="closeTest" finished-at="2024-07-18T00:26:22 IST" duration-ms="9910" status="PASS">
          <reporter-output>
          </reporter-output>
        </test-method> <!-- closeTest -->
        <test-method is-config="true" signature="setup(sfa.configs.Platforms,java.lang.String,java.lang.String,java.lang.reflect.Method)[pri:0, instance:sfa.mobile.LoginTC_English@2053d869]" started-at="2024-07-18T00:26:22 IST" name="setup" finished-at="2024-07-18T00:27:15 IST" duration-ms="53328" status="PASS">
          <params>
            <param index="0">
              <value>
                <![CDATA[ANDROID]]>
              </value>
            </param>
            <param index="1">
              <value>
                <![CDATA[12.0]]>
              </value>
            </param>
            <param index="2">
              <value>
                <![CDATA[Samsung Galaxy S22 Ultra]]>
              </value>
            </param>
            <param index="3">
              <value>
                <![CDATA[public void sfa.mobile.LoginTC_English.groupFunctionality() throws java.lang.Throwable]]>
              </value>
            </param>
          </params>
          <reporter-output>
          </reporter-output>
        </test-method> <!-- setup -->
        <test-method signature="groupFunctionality()[pri:0, instance:sfa.mobile.LoginTC_English@2053d869]" started-at="2024-07-18T00:27:15 IST" name="groupFunctionality" finished-at="2024-07-18T00:28:07 IST" duration-ms="51265" status="PASS">
          <reporter-output>
          </reporter-output>
        </test-method> <!-- groupFunctionality -->
        <test-method is-config="true" signature="closeTest()[pri:0, instance:sfa.mobile.LoginTC_English@2053d869]" started-at="2024-07-18T00:28:07 IST" name="closeTest" finished-at="2024-07-18T00:28:09 IST" duration-ms="1426" status="PASS">
          <reporter-output>
          </reporter-output>
        </test-method> <!-- closeTest -->
        <test-method is-config="true" signature="setup(sfa.configs.Platforms,java.lang.String,java.lang.String,java.lang.reflect.Method)[pri:0, instance:sfa.mobile.LoginTC_English@2053d869]" started-at="2024-07-18T00:28:09 IST" name="setup" finished-at="2024-07-18T00:28:48 IST" duration-ms="39394" status="PASS">
          <params>
            <param index="0">
              <value>
                <![CDATA[ANDROID]]>
              </value>
            </param>
            <param index="1">
              <value>
                <![CDATA[12.0]]>
              </value>
            </param>
            <param index="2">
              <value>
                <![CDATA[Samsung Galaxy S22 Ultra]]>
              </value>
            </param>
            <param index="3">
              <value>
                <![CDATA[public void sfa.mobile.LoginTC_English.discoverFunctionalityCricket() throws java.lang.Throwable]]>
              </value>
            </param>
          </params>
          <reporter-output>
          </reporter-output>
        </test-method> <!-- setup -->
        <test-method signature="discoverFunctionalityCricket()[pri:0, instance:sfa.mobile.LoginTC_English@2053d869]" started-at="2024-07-18T00:28:48 IST" name="discoverFunctionalityCricket" finished-at="2024-07-18T00:30:24 IST" duration-ms="95674" status="PASS">
          <reporter-output>
          </reporter-output>
        </test-method> <!-- discoverFunctionalityCricket -->
        <test-method is-config="true" signature="closeTest()[pri:0, instance:sfa.mobile.LoginTC_English@2053d869]" started-at="2024-07-18T00:30:24 IST" name="closeTest" finished-at="2024-07-18T00:30:27 IST" duration-ms="2829" status="PASS">
          <reporter-output>
          </reporter-output>
        </test-method> <!-- closeTest -->
        <test-method is-config="true" signature="setup(sfa.configs.Platforms,java.lang.String,java.lang.String,java.lang.reflect.Method)[pri:0, instance:sfa.mobile.LoginTC_English@2053d869]" started-at="2024-07-18T00:30:27 IST" name="setup" finished-at="2024-07-18T00:31:03 IST" duration-ms="36136" status="PASS">
          <params>
            <param index="0">
              <value>
                <![CDATA[ANDROID]]>
              </value>
            </param>
            <param index="1">
              <value>
                <![CDATA[12.0]]>
              </value>
            </param>
            <param index="2">
              <value>
                <![CDATA[Samsung Galaxy S22 Ultra]]>
              </value>
            </param>
            <param index="3">
              <value>
                <![CDATA[public void sfa.mobile.LoginTC_English.discoverFunctionalityFootBall() throws java.lang.Throwable]]>
              </value>
            </param>
          </params>
          <reporter-output>
          </reporter-output>
        </test-method> <!-- setup -->
        <test-method signature="discoverFunctionalityFootBall()[pri:0, instance:sfa.mobile.LoginTC_English@2053d869]" started-at="2024-07-18T00:31:03 IST" name="discoverFunctionalityFootBall" finished-at="2024-07-18T00:32:32 IST" duration-ms="89103" status="PASS">
          <reporter-output>
          </reporter-output>
        </test-method> <!-- discoverFunctionalityFootBall -->
        <test-method is-config="true" signature="closeTest()[pri:0, instance:sfa.mobile.LoginTC_English@2053d869]" started-at="2024-07-18T00:32:39 IST" name="closeTest" finished-at="2024-07-18T00:32:41 IST" duration-ms="1406" status="PASS">
          <reporter-output>
          </reporter-output>
        </test-method> <!-- closeTest -->
      </class> <!-- sfa.mobile.LoginTC_English -->
      <class name="sfa.mobile.LoginTC_Arabic">
        <test-method is-config="true" signature="setup(sfa.configs.Platforms,java.lang.String,java.lang.String,java.lang.reflect.Method)[pri:0, instance:sfa.mobile.LoginTC_Arabic@6cd28fa7]" started-at="2024-07-18T00:32:41 IST" name="setup" finished-at="2024-07-18T00:33:15 IST" duration-ms="34279" status="PASS">
          <params>
            <param index="0">
              <value>
                <![CDATA[ANDROID]]>
              </value>
            </param>
            <param index="1">
              <value>
                <![CDATA[12.0]]>
              </value>
            </param>
            <param index="2">
              <value>
                <![CDATA[Samsung Galaxy S22 Ultra]]>
              </value>
            </param>
            <param index="3">
              <value>
                <![CDATA[public void sfa.mobile.LoginTC_Arabic.loginEmailPwdTest_Ar() throws java.lang.Throwable]]>
              </value>
            </param>
          </params>
          <reporter-output>
          </reporter-output>
        </test-method> <!-- setup -->
        <test-method signature="loginEmailPwdTest_Ar()[pri:0, instance:sfa.mobile.LoginTC_Arabic@6cd28fa7]" started-at="2024-07-18T00:33:15 IST" name="loginEmailPwdTest_Ar" finished-at="2024-07-18T00:34:43 IST" duration-ms="88034" status="FAIL">
          <exception class="org.openqa.selenium.WebDriverException">
            <message>
              <![CDATA[java.lang.ClassCastException: class java.util.LinkedHashMap cannot be cast to class org.openqa.selenium.WebElement (java.util.LinkedHashMap is in module java.base of loader 'bootstrap'; org.openqa.selenium.WebElement is in unnamed module of loader 'app')
Build info: version: '4.22.0', revision: 'c5f3146703*'
System info: os.name: 'Mac OS X', os.arch: 'x86_64', os.version: '11.4', java.version: '16.0.2'
Driver info: driver.version: unknown]]>
            </message>
            <full-stacktrace>
              <![CDATA[org.openqa.selenium.WebDriverException: java.lang.ClassCastException: class java.util.LinkedHashMap cannot be cast to class org.openqa.selenium.WebElement (java.util.LinkedHashMap is in module java.base of loader 'bootstrap'; org.openqa.selenium.WebElement is in unnamed module of loader 'app')
Build info: version: '4.22.0', revision: 'c5f3146703*'
System info: os.name: 'Mac OS X', os.arch: 'x86_64', os.version: '11.4', java.version: '16.0.2'
Driver info: driver.version: unknown
at io.appium.java_client.pagefactory.AppiumElementLocator$WaitingFunction.apply(AppiumElementLocator.java:235)
at io.appium.java_client.pagefactory.AppiumElementLocator$WaitingFunction.apply(AppiumElementLocator.java:210)
at org.openqa.selenium.support.ui.FluentWait.until(FluentWait.java:203)
at io.appium.java_client.pagefactory.AppiumElementLocator.waitFor(AppiumElementLocator.java:135)
at io.appium.java_client.pagefactory.AppiumElementLocator.findElement(AppiumElementLocator.java:160)
at io.appium.java_client.pagefactory.interceptors.InterceptorOfASingleElement.call(InterceptorOfASingleElement.java:75)
at io.appium.java_client.proxy.Interceptor.intercept(Interceptor.java:78)
at org.openqa.selenium.remote.RemoteWebElement$ByteBuddy$L5YC4emz.click(Unknown Source)
at sfa.locators.LoginScreen.continueBtnHomePage_Ar(LoginScreen.java:116)
at sfa.mobile.LoginTC_Arabic.loginEmailPwdTest_Ar(LoginTC_Arabic.java:23)
at java.base/jdk.internal.reflect.NativeMethodAccessorImpl.invoke0(Native Method)
at java.base/jdk.internal.reflect.NativeMethodAccessorImpl.invoke(NativeMethodAccessorImpl.java:78)
at java.base/jdk.internal.reflect.DelegatingMethodAccessorImpl.invoke(DelegatingMethodAccessorImpl.java:43)
at java.base/java.lang.reflect.Method.invoke(Method.java:567)
at org.testng.internal.MethodInvocationHelper.invokeMethod(MethodInvocationHelper.java:133)
at org.testng.internal.TestInvoker.invokeMethod(TestInvoker.java:598)
at org.testng.internal.TestInvoker.invokeTestMethod(TestInvoker.java:173)
at org.testng.internal.MethodRunner.runInSequence(MethodRunner.java:46)
at org.testng.internal.TestInvoker$MethodInvocationAgent.invoke(TestInvoker.java:824)
at org.testng.internal.TestInvoker.invokeTestMethods(TestInvoker.java:146)
at org.testng.internal.TestMethodWorker.invokeTestMethods(TestMethodWorker.java:146)
at org.testng.internal.TestMethodWorker.run(TestMethodWorker.java:128)
at java.base/java.util.ArrayList.forEach(ArrayList.java:1511)
at org.testng.TestRunner.privateRun(TestRunner.java:794)
at org.testng.TestRunner.run(TestRunner.java:596)
at org.testng.SuiteRunner.runTest(SuiteRunner.java:377)
at org.testng.SuiteRunner.runSequentially(SuiteRunner.java:371)
at org.testng.SuiteRunner.privateRun(SuiteRunner.java:332)
at org.testng.SuiteRunner.run(SuiteRunner.java:276)
at org.testng.SuiteRunnerWorker.runSuite(SuiteRunnerWorker.java:53)
at org.testng.SuiteRunnerWorker.run(SuiteRunnerWorker.java:96)
at org.testng.TestNG.runSuitesSequentially(TestNG.java:1212)
at org.testng.TestNG.runSuitesLocally(TestNG.java:1134)
at org.testng.TestNG.runSuites(TestNG.java:1063)
at org.testng.TestNG.run(TestNG.java:1031)
at org.testng.remote.AbstractRemoteTestNG.run(AbstractRemoteTestNG.java:115)
at org.testng.remote.RemoteTestNG.initAndRun(RemoteTestNG.java:251)
at org.testng.remote.RemoteTestNG.main(RemoteTestNG.java:77)
Caused by: java.lang.ClassCastException: class java.util.LinkedHashMap cannot be cast to class org.openqa.selenium.WebElement (java.util.LinkedHashMap is in module java.base of loader 'bootstrap'; org.openqa.selenium.WebElement is in unnamed module of loader 'app')
at org.openqa.selenium.remote.ElementLocation$ElementFinder$2.findElement(ElementLocation.java:166)
at org.openqa.selenium.remote.ElementLocation.findElement(ElementLocation.java:59)
at org.openqa.selenium.remote.RemoteWebDriver.findElement(RemoteWebDriver.java:355)
at org.openqa.selenium.remote.RemoteWebDriver.findElement(RemoteWebDriver.java:349)
at io.appium.java_client.pagefactory.bys.builder.ByChained.lambda$getSearchingFunction$0(ByChained.java:41)
at org.openqa.selenium.support.ui.FluentWait.until(FluentWait.java:203)
at io.appium.java_client.pagefactory.bys.builder.ByChained.findElement(ByChained.java:72)
at org.openqa.selenium.remote.ElementLocation$ElementFinder$1.findElement(ElementLocation.java:139)
at org.openqa.selenium.remote.ElementLocation.findElement(ElementLocation.java:59)
at org.openqa.selenium.remote.RemoteWebDriver.findElement(RemoteWebDriver.java:355)
at org.openqa.selenium.remote.RemoteWebDriver.findElement(RemoteWebDriver.java:349)
at io.appium.java_client.pagefactory.bys.ContentMappedBy.findElement(ContentMappedBy.java:53)
at org.openqa.selenium.remote.ElementLocation$ElementFinder$1.findElement(ElementLocation.java:139)
at org.openqa.selenium.remote.ElementLocation.findElement(ElementLocation.java:59)
at org.openqa.selenium.remote.RemoteWebDriver.findElement(RemoteWebDriver.java:355)
at org.openqa.selenium.remote.RemoteWebDriver.findElement(RemoteWebDriver.java:349)
at io.appium.java_client.pagefactory.AppiumElementLocator.lambda$findElement$1(AppiumElementLocator.java:160)
at io.appium.java_client.pagefactory.AppiumElementLocator$WaitingFunction.apply(AppiumElementLocator.java:217)
... 37 more
]]>
            </full-stacktrace>
          </exception> <!-- org.openqa.selenium.WebDriverException -->
          <reporter-output>
          </reporter-output>
        </test-method> <!-- loginEmailPwdTest_Ar -->
        <test-method is-config="true" signature="closeTest()[pri:0, instance:sfa.mobile.LoginTC_Arabic@6cd28fa7]" started-at="2024-07-18T00:34:45 IST" name="closeTest" finished-at="2024-07-18T00:34:46 IST" duration-ms="1389" status="PASS">
          <reporter-output>
          </reporter-output>
        </test-method> <!-- closeTest -->
        <test-method is-config="true" signature="setup(sfa.configs.Platforms,java.lang.String,java.lang.String,java.lang.reflect.Method)[pri:0, instance:sfa.mobile.LoginTC_Arabic@6cd28fa7]" started-at="2024-07-18T00:34:46 IST" name="setup" finished-at="2024-07-18T00:35:26 IST" duration-ms="40186" status="PASS">
          <params>
            <param index="0">
              <value>
                <![CDATA[ANDROID]]>
              </value>
            </param>
            <param index="1">
              <value>
                <![CDATA[12.0]]>
              </value>
            </param>
            <param index="2">
              <value>
                <![CDATA[Samsung Galaxy S22 Ultra]]>
              </value>
            </param>
            <param index="3">
              <value>
                <![CDATA[public void sfa.mobile.LoginTC_Arabic.discoverPageNavigatetion_Ar() throws java.lang.Throwable]]>
              </value>
            </param>
          </params>
          <reporter-output>
          </reporter-output>
        </test-method> <!-- setup -->
        <test-method signature="discoverPageNavigatetion_Ar()[pri:0, instance:sfa.mobile.LoginTC_Arabic@6cd28fa7]" started-at="2024-07-18T00:35:26 IST" name="discoverPageNavigatetion_Ar" finished-at="2024-07-18T00:36:53 IST" duration-ms="86897" status="FAIL">
          <exception class="org.openqa.selenium.WebDriverException">
            <message>
              <![CDATA[java.lang.ClassCastException: class java.util.LinkedHashMap cannot be cast to class org.openqa.selenium.WebElement (java.util.LinkedHashMap is in module java.base of loader 'bootstrap'; org.openqa.selenium.WebElement is in unnamed module of loader 'app')
Build info: version: '4.22.0', revision: 'c5f3146703*'
System info: os.name: 'Mac OS X', os.arch: 'x86_64', os.version: '11.4', java.version: '16.0.2'
Driver info: driver.version: unknown]]>
            </message>
            <full-stacktrace>
              <![CDATA[org.openqa.selenium.WebDriverException: java.lang.ClassCastException: class java.util.LinkedHashMap cannot be cast to class org.openqa.selenium.WebElement (java.util.LinkedHashMap is in module java.base of loader 'bootstrap'; org.openqa.selenium.WebElement is in unnamed module of loader 'app')
Build info: version: '4.22.0', revision: 'c5f3146703*'
System info: os.name: 'Mac OS X', os.arch: 'x86_64', os.version: '11.4', java.version: '16.0.2'
Driver info: driver.version: unknown
at io.appium.java_client.pagefactory.AppiumElementLocator$WaitingFunction.apply(AppiumElementLocator.java:235)
at io.appium.java_client.pagefactory.AppiumElementLocator$WaitingFunction.apply(AppiumElementLocator.java:210)
at org.openqa.selenium.support.ui.FluentWait.until(FluentWait.java:203)
at io.appium.java_client.pagefactory.AppiumElementLocator.waitFor(AppiumElementLocator.java:135)
at io.appium.java_client.pagefactory.AppiumElementLocator.findElement(AppiumElementLocator.java:160)
at io.appium.java_client.pagefactory.interceptors.InterceptorOfASingleElement.call(InterceptorOfASingleElement.java:75)
at io.appium.java_client.proxy.Interceptor.intercept(Interceptor.java:78)
at org.openqa.selenium.remote.RemoteWebElement$ByteBuddy$L5YC4emz.click(Unknown Source)
at sfa.locators.LoginScreen.continueBtnHomePage_Ar(LoginScreen.java:116)
at sfa.mobile.LoginTC_Arabic.discoverPageNavigatetion_Ar(LoginTC_Arabic.java:34)
at java.base/jdk.internal.reflect.NativeMethodAccessorImpl.invoke0(Native Method)
at java.base/jdk.internal.reflect.NativeMethodAccessorImpl.invoke(NativeMethodAccessorImpl.java:78)
at java.base/jdk.internal.reflect.DelegatingMethodAccessorImpl.invoke(DelegatingMethodAccessorImpl.java:43)
at java.base/java.lang.reflect.Method.invoke(Method.java:567)
at org.testng.internal.MethodInvocationHelper.invokeMethod(MethodInvocationHelper.java:133)
at org.testng.internal.TestInvoker.invokeMethod(TestInvoker.java:598)
at org.testng.internal.TestInvoker.invokeTestMethod(TestInvoker.java:173)
at org.testng.internal.MethodRunner.runInSequence(MethodRunner.java:46)
at org.testng.internal.TestInvoker$MethodInvocationAgent.invoke(TestInvoker.java:824)
at org.testng.internal.TestInvoker.invokeTestMethods(TestInvoker.java:146)
at org.testng.internal.TestMethodWorker.invokeTestMethods(TestMethodWorker.java:146)
at org.testng.internal.TestMethodWorker.run(TestMethodWorker.java:128)
at java.base/java.util.ArrayList.forEach(ArrayList.java:1511)
at org.testng.TestRunner.privateRun(TestRunner.java:794)
at org.testng.TestRunner.run(TestRunner.java:596)
at org.testng.SuiteRunner.runTest(SuiteRunner.java:377)
at org.testng.SuiteRunner.runSequentially(SuiteRunner.java:371)
at org.testng.SuiteRunner.privateRun(SuiteRunner.java:332)
at org.testng.SuiteRunner.run(SuiteRunner.java:276)
at org.testng.SuiteRunnerWorker.runSuite(SuiteRunnerWorker.java:53)
at org.testng.SuiteRunnerWorker.run(SuiteRunnerWorker.java:96)
at org.testng.TestNG.runSuitesSequentially(TestNG.java:1212)
at org.testng.TestNG.runSuitesLocally(TestNG.java:1134)
at org.testng.TestNG.runSuites(TestNG.java:1063)
at org.testng.TestNG.run(TestNG.java:1031)
at org.testng.remote.AbstractRemoteTestNG.run(AbstractRemoteTestNG.java:115)
at org.testng.remote.RemoteTestNG.initAndRun(RemoteTestNG.java:251)
at org.testng.remote.RemoteTestNG.main(RemoteTestNG.java:77)
Caused by: java.lang.ClassCastException: class java.util.LinkedHashMap cannot be cast to class org.openqa.selenium.WebElement (java.util.LinkedHashMap is in module java.base of loader 'bootstrap'; org.openqa.selenium.WebElement is in unnamed module of loader 'app')
at org.openqa.selenium.remote.ElementLocation$ElementFinder$2.findElement(ElementLocation.java:166)
at org.openqa.selenium.remote.ElementLocation.findElement(ElementLocation.java:59)
at org.openqa.selenium.remote.RemoteWebDriver.findElement(RemoteWebDriver.java:355)
at org.openqa.selenium.remote.RemoteWebDriver.findElement(RemoteWebDriver.java:349)
at io.appium.java_client.pagefactory.bys.builder.ByChained.lambda$getSearchingFunction$0(ByChained.java:41)
at org.openqa.selenium.support.ui.FluentWait.until(FluentWait.java:203)
at io.appium.java_client.pagefactory.bys.builder.ByChained.findElement(ByChained.java:72)
at org.openqa.selenium.remote.ElementLocation$ElementFinder$1.findElement(ElementLocation.java:139)
at org.openqa.selenium.remote.ElementLocation.findElement(ElementLocation.java:59)
at org.openqa.selenium.remote.RemoteWebDriver.findElement(RemoteWebDriver.java:355)
at org.openqa.selenium.remote.RemoteWebDriver.findElement(RemoteWebDriver.java:349)
at io.appium.java_client.pagefactory.bys.ContentMappedBy.findElement(ContentMappedBy.java:53)
at org.openqa.selenium.remote.ElementLocation$ElementFinder$1.findElement(ElementLocation.java:139)
at org.openqa.selenium.remote.ElementLocation.findElement(ElementLocation.java:59)
at org.openqa.selenium.remote.RemoteWebDriver.findElement(RemoteWebDriver.java:355)
at org.openqa.selenium.remote.RemoteWebDriver.findElement(RemoteWebDriver.java:349)
at io.appium.java_client.pagefactory.AppiumElementLocator.lambda$findElement$1(AppiumElementLocator.java:160)
at io.appium.java_client.pagefactory.AppiumElementLocator$WaitingFunction.apply(AppiumElementLocator.java:217)
... 37 more
]]>
            </full-stacktrace>
          </exception> <!-- org.openqa.selenium.WebDriverException -->
          <reporter-output>
          </reporter-output>
        </test-method> <!-- discoverPageNavigatetion_Ar -->
        <test-method is-config="true" signature="closeTest()[pri:0, instance:sfa.mobile.LoginTC_Arabic@6cd28fa7]" started-at="2024-07-18T00:36:55 IST" name="closeTest" finished-at="2024-07-18T00:36:56 IST" duration-ms="1334" status="PASS">
          <reporter-output>
          </reporter-output>
        </test-method> <!-- closeTest -->
      </class> <!-- sfa.mobile.LoginTC_Arabic -->
    </test> <!-- Android_Testing -->
  </suite> <!-- Suite -->
</testng-results>
